{"D:\\divesh\\React by akshay saini\\Part-1 Inception\\Namaste React\\src\\components\\Body.js": {"path":"D:\\divesh\\React by akshay saini\\Part-1 Inception\\Namaste React\\src\\components\\Body.js","statementMap":{"0":{"start":{"line":6,"column":18},"end":{"line":6,"column":19}},"1":{"start":{"line":11,"column":13},"end":{"line":130,"column":1}},"2":{"start":{"line":12,"column":53},"end":{"line":12,"column":65}},"3":{"start":{"line":13,"column":51},"end":{"line":13,"column":63}},"4":{"start":{"line":14,"column":37},"end":{"line":14,"column":49}},"5":{"start":{"line":15,"column":35},"end":{"line":15,"column":68}},"6":{"start":{"line":16,"column":34},"end":{"line":21,"column":5}},"7":{"start":{"line":17,"column":20},"end":{"line":17,"column":82}},"8":{"start":{"line":17,"column":53},"end":{"line":17,"column":81}},"9":{"start":{"line":19,"column":8},"end":{"line":19,"column":35}},"10":{"start":{"line":22,"column":4},"end":{"line":25,"column":10}},"11":{"start":{"line":23,"column":8},"end":{"line":23,"column":40}},"12":{"start":{"line":24,"column":8},"end":{"line":24,"column":20}},"13":{"start":{"line":27,"column":4},"end":{"line":27,"column":29}},"14":{"start":{"line":28,"column":39},"end":{"line":28,"column":62}},"15":{"start":{"line":29,"column":4},"end":{"line":29,"column":28}},"16":{"start":{"line":31,"column":22},"end":{"line":46,"column":5}},"17":{"start":{"line":33,"column":21},"end":{"line":33,"column":178}},"18":{"start":{"line":35,"column":21},"end":{"line":35,"column":38}},"19":{"start":{"line":37,"column":8},"end":{"line":37,"column":26}},"20":{"start":{"line":38,"column":8},"end":{"line":38,"column":96}},"21":{"start":{"line":39,"column":24},"end":{"line":39,"column":116}},"22":{"start":{"line":41,"column":8},"end":{"line":45,"column":15}},"23":{"start":{"line":42,"column":12},"end":{"line":42,"column":42}},"24":{"start":{"line":43,"column":12},"end":{"line":43,"column":42}},"25":{"start":{"line":48,"column":29},"end":{"line":59,"column":5}},"26":{"start":{"line":49,"column":29},"end":{"line":57,"column":10}},"27":{"start":{"line":50,"column":12},"end":{"line":54,"column":13}},"28":{"start":{"line":51,"column":16},"end":{"line":51,"column":44}},"29":{"start":{"line":53,"column":16},"end":{"line":53,"column":45}},"30":{"start":{"line":55,"column":12},"end":{"line":55,"column":26}},"31":{"start":{"line":58,"column":8},"end":{"line":58,"column":28}},"32":{"start":{"line":60,"column":21},"end":{"line":60,"column":38}},"33":{"start":{"line":61,"column":0},"end":{"line":64,"column":1}},"34":{"start":{"line":62,"column":0},"end":{"line":64,"column":1}},"35":{"start":{"line":70,"column":4},"end":{"line":70,"column":34}},"36":{"start":{"line":71,"column":4},"end":{"line":129,"column":5}},"37":{"start":{"line":79,"column":24},"end":{"line":79,"column":53}},"38":{"start":{"line":87,"column":50},"end":{"line":89,"column":96}},"39":{"start":{"line":88,"column":24},"end":{"line":88,"column":41}},"40":{"start":{"line":89,"column":24},"end":{"line":89,"column":94}},"41":{"start":{"line":90,"column":22},"end":{"line":90,"column":64}},"42":{"start":{"line":99,"column":20},"end":{"line":99,"column":50}},"43":{"start":{"line":100,"column":20},"end":{"line":100,"column":44}},"44":{"start":{"line":108,"column":15},"end":{"line":108,"column":42}},"45":{"start":{"line":114,"column":6},"end":{"line":120,"column":13}}},"fnMap":{"0":{"name":"(anonymous_0)","decl":{"start":{"line":11,"column":13},"end":{"line":11,"column":14}},"loc":{"start":{"line":11,"column":17},"end":{"line":130,"column":1}},"line":11},"1":{"name":"(anonymous_1)","decl":{"start":{"line":16,"column":34},"end":{"line":16,"column":35}},"loc":{"start":{"line":16,"column":38},"end":{"line":21,"column":5}},"line":16},"2":{"name":"(anonymous_2)","decl":{"start":{"line":17,"column":45},"end":{"line":17,"column":46}},"loc":{"start":{"line":17,"column":53},"end":{"line":17,"column":81}},"line":17},"3":{"name":"(anonymous_3)","decl":{"start":{"line":22,"column":14},"end":{"line":22,"column":15}},"loc":{"start":{"line":22,"column":18},"end":{"line":25,"column":5}},"line":22},"4":{"name":"(anonymous_4)","decl":{"start":{"line":31,"column":22},"end":{"line":31,"column":23}},"loc":{"start":{"line":31,"column":32},"end":{"line":46,"column":5}},"line":31},"5":{"name":"(anonymous_5)","decl":{"start":{"line":41,"column":19},"end":{"line":41,"column":20}},"loc":{"start":{"line":41,"column":23},"end":{"line":45,"column":9}},"line":41},"6":{"name":"(anonymous_6)","decl":{"start":{"line":48,"column":29},"end":{"line":48,"column":30}},"loc":{"start":{"line":48,"column":40},"end":{"line":59,"column":5}},"line":48},"7":{"name":"(anonymous_7)","decl":{"start":{"line":49,"column":41},"end":{"line":49,"column":42}},"loc":{"start":{"line":49,"column":57},"end":{"line":57,"column":9}},"line":49},"8":{"name":"(anonymous_8)","decl":{"start":{"line":78,"column":30},"end":{"line":78,"column":31}},"loc":{"start":{"line":78,"column":35},"end":{"line":80,"column":21}},"line":78},"9":{"name":"(anonymous_9)","decl":{"start":{"line":83,"column":29},"end":{"line":83,"column":30}},"loc":{"start":{"line":83,"column":33},"end":{"line":92,"column":21}},"line":83},"10":{"name":"(anonymous_10)","decl":{"start":{"line":87,"column":75},"end":{"line":87,"column":76}},"loc":{"start":{"line":87,"column":82},"end":{"line":89,"column":95}},"line":87},"11":{"name":"(anonymous_11)","decl":{"start":{"line":98,"column":25},"end":{"line":98,"column":26}},"loc":{"start":{"line":98,"column":29},"end":{"line":101,"column":17}},"line":98},"12":{"name":"(anonymous_12)","decl":{"start":{"line":108,"column":10},"end":{"line":108,"column":11}},"loc":{"start":{"line":108,"column":15},"end":{"line":108,"column":42}},"line":108},"13":{"name":"(anonymous_13)","decl":{"start":{"line":113,"column":39},"end":{"line":113,"column":40}},"loc":{"start":{"line":114,"column":6},"end":{"line":120,"column":13}},"line":114}},"branchMap":{"0":{"loc":{"start":{"line":50,"column":12},"end":{"line":54,"column":13}},"type":"if","locations":[{"start":{"line":50,"column":12},"end":{"line":54,"column":13}},{"start":{"line":52,"column":17},"end":{"line":54,"column":13}}],"line":50},"1":{"loc":{"start":{"line":50,"column":15},"end":{"line":50,"column":52}},"type":"binary-expr","locations":[{"start":{"line":50,"column":15},"end":{"line":50,"column":23}},{"start":{"line":50,"column":27},"end":{"line":50,"column":52}}],"line":50},"2":{"loc":{"start":{"line":61,"column":0},"end":{"line":64,"column":1}},"type":"if","locations":[{"start":{"line":61,"column":0},"end":{"line":64,"column":1}},{"start":{},"end":{}}],"line":61},"3":{"loc":{"start":{"line":71,"column":11},"end":{"line":129,"column":5}},"type":"cond-expr","locations":[{"start":{"line":71,"column":43},"end":{"line":71,"column":54}},{"start":{"line":73,"column":8},"end":{"line":128,"column":14}}],"line":71},"4":{"loc":{"start":{"line":116,"column":8},"end":{"line":118,"column":46}},"type":"cond-expr","locations":[{"start":{"line":116,"column":34},"end":{"line":116,"column":100}},{"start":{"line":116,"column":105},"end":{"line":118,"column":45}}],"line":116}},"s":{"0":2,"1":2,"2":2,"3":2,"4":2,"5":2,"6":2,"7":0,"8":0,"9":0,"10":2,"11":2,"12":2,"13":2,"14":2,"15":2,"16":2,"17":2,"18":2,"19":2,"20":2,"21":2,"22":0,"23":0,"24":0,"25":2,"26":2,"27":0,"28":0,"29":0,"30":0,"31":0,"32":2,"33":2,"34":0,"35":2,"36":2,"37":0,"38":0,"39":0,"40":0,"41":0,"42":0,"43":0,"44":0,"45":0},"f":{"0":2,"1":0,"2":0,"3":2,"4":2,"5":0,"6":2,"7":0,"8":0,"9":0,"10":0,"11":0,"12":0,"13":0},"b":{"0":[0,0],"1":[0,0],"2":[0,2],"3":[2,0],"4":[0,0]},"_coverageSchema":"1a1c01bbd47fc00a2c39e90264f33305004495a9","hash":"d5fcdcbf49adf18bacd665a229bd9075d6203e6c"}
,"D:\\divesh\\React by akshay saini\\Part-1 Inception\\Namaste React\\src\\components\\Cart.js": {"path":"D:\\divesh\\React by akshay saini\\Part-1 Inception\\Namaste React\\src\\components\\Cart.js","statementMap":{"0":{"start":{"line":4,"column":13},"end":{"line":20,"column":1}},"1":{"start":{"line":5,"column":21},"end":{"line":5,"column":34}},"2":{"start":{"line":6,"column":22},"end":{"line":6,"column":60}},"3":{"start":{"line":6,"column":43},"end":{"line":6,"column":59}},"4":{"start":{"line":7,"column":28},"end":{"line":9,"column":5}},"5":{"start":{"line":8,"column":0},"end":{"line":8,"column":22}},"6":{"start":{"line":10,"column":4},"end":{"line":19,"column":5}}},"fnMap":{"0":{"name":"(anonymous_0)","decl":{"start":{"line":4,"column":13},"end":{"line":4,"column":14}},"loc":{"start":{"line":4,"column":17},"end":{"line":20,"column":1}},"line":4},"1":{"name":"(anonymous_1)","decl":{"start":{"line":6,"column":34},"end":{"line":6,"column":35}},"loc":{"start":{"line":6,"column":43},"end":{"line":6,"column":59}},"line":6},"2":{"name":"(anonymous_2)","decl":{"start":{"line":7,"column":28},"end":{"line":7,"column":29}},"loc":{"start":{"line":7,"column":32},"end":{"line":9,"column":5}},"line":7}},"branchMap":{"0":{"loc":{"start":{"line":15,"column":17},"end":{"line":15,"column":85}},"type":"binary-expr","locations":[{"start":{"line":15,"column":17},"end":{"line":15,"column":36}},{"start":{"line":15,"column":40},"end":{"line":15,"column":85}}],"line":15}},"s":{"0":1,"1":1,"2":1,"3":2,"4":1,"5":0,"6":1},"f":{"0":1,"1":2,"2":0},"b":{"0":[1,1]},"_coverageSchema":"1a1c01bbd47fc00a2c39e90264f33305004495a9","hash":"d8b5311fff5d55f1362df165e3bfa6ba266d62ee"}
,"D:\\divesh\\React by akshay saini\\Part-1 Inception\\Namaste React\\src\\components\\Contact.js": {"path":"D:\\divesh\\React by akshay saini\\Part-1 Inception\\Namaste React\\src\\components\\Contact.js","statementMap":{"0":{"start":{"line":1,"column":16},"end":{"line":13,"column":1}},"1":{"start":{"line":2,"column":4},"end":{"line":12,"column":5}}},"fnMap":{"0":{"name":"(anonymous_0)","decl":{"start":{"line":1,"column":16},"end":{"line":1,"column":17}},"loc":{"start":{"line":1,"column":20},"end":{"line":13,"column":1}},"line":1}},"branchMap":{},"s":{"0":1,"1":4},"f":{"0":4},"b":{},"_coverageSchema":"1a1c01bbd47fc00a2c39e90264f33305004495a9","hash":"5e353972721f33eb8c0161bd3ec32029581b8b03"}
,"D:\\divesh\\React by akshay saini\\Part-1 Inception\\Namaste React\\src\\components\\Header.js": {"path":"D:\\divesh\\React by akshay saini\\Part-1 Inception\\Namaste React\\src\\components\\Header.js","statementMap":{"0":{"start":{"line":8,"column":15},"end":{"line":55,"column":1}},"1":{"start":{"line":9,"column":18},"end":{"line":9,"column":56}},"2":{"start":{"line":9,"column":39},"end":{"line":9,"column":55}},"3":{"start":{"line":10,"column":0},"end":{"line":10,"column":23}},"4":{"start":{"line":11,"column":25},"end":{"line":11,"column":42}},"5":{"start":{"line":12,"column":18},"end":{"line":12,"column":25}},"6":{"start":{"line":13,"column":43},"end":{"line":13,"column":60}},"7":{"start":{"line":14,"column":27},"end":{"line":14,"column":50}},"8":{"start":{"line":16,"column":4},"end":{"line":54,"column":5}},"9":{"start":{"line":44,"column":19},"end":{"line":45,"column":43}}},"fnMap":{"0":{"name":"(anonymous_0)","decl":{"start":{"line":8,"column":15},"end":{"line":8,"column":16}},"loc":{"start":{"line":8,"column":19},"end":{"line":55,"column":1}},"line":8},"1":{"name":"(anonymous_1)","decl":{"start":{"line":9,"column":30},"end":{"line":9,"column":31}},"loc":{"start":{"line":9,"column":39},"end":{"line":9,"column":55}},"line":9},"2":{"name":"(anonymous_2)","decl":{"start":{"line":43,"column":29},"end":{"line":43,"column":30}},"loc":{"start":{"line":43,"column":33},"end":{"line":46,"column":21}},"line":43}},"branchMap":{"0":{"loc":{"start":{"line":24,"column":39},"end":{"line":24,"column":61}},"type":"cond-expr","locations":[{"start":{"line":24,"column":52},"end":{"line":24,"column":56}},{"start":{"line":24,"column":57},"end":{"line":24,"column":61}}],"line":24},"1":{"loc":{"start":{"line":44,"column":19},"end":{"line":45,"column":43}},"type":"cond-expr","locations":[{"start":{"line":44,"column":48},"end":{"line":44,"column":73}},{"start":{"line":45,"column":19},"end":{"line":45,"column":43}}],"line":44}},"s":{"0":2,"1":6,"2":11,"3":6,"4":6,"5":6,"6":6,"7":6,"8":6,"9":1},"f":{"0":6,"1":11,"2":1},"b":{"0":[6,0],"1":[1,0]},"_coverageSchema":"1a1c01bbd47fc00a2c39e90264f33305004495a9","hash":"2a30e9731683adc4990d9b25a2dbceee4ca98d51"}
,"D:\\divesh\\React by akshay saini\\Part-1 Inception\\Namaste React\\src\\components\\ItemList.js": {"path":"D:\\divesh\\React by akshay saini\\Part-1 Inception\\Namaste React\\src\\components\\ItemList.js","statementMap":{"0":{"start":{"line":5,"column":17},"end":{"line":36,"column":1}},"1":{"start":{"line":6,"column":21},"end":{"line":6,"column":34}},"2":{"start":{"line":7,"column":26},"end":{"line":9,"column":5}},"3":{"start":{"line":8,"column":0},"end":{"line":8,"column":24}},"4":{"start":{"line":10,"column":4},"end":{"line":35,"column":6}},"5":{"start":{"line":12,"column":25},"end":{"line":31,"column":7}},"6":{"start":{"line":27,"column":89},"end":{"line":27,"column":108}}},"fnMap":{"0":{"name":"(anonymous_0)","decl":{"start":{"line":5,"column":17},"end":{"line":5,"column":18}},"loc":{"start":{"line":5,"column":28},"end":{"line":36,"column":1}},"line":5},"1":{"name":"(anonymous_1)","decl":{"start":{"line":7,"column":26},"end":{"line":7,"column":27}},"loc":{"start":{"line":7,"column":34},"end":{"line":9,"column":5}},"line":7},"2":{"name":"(anonymous_2)","decl":{"start":{"line":12,"column":15},"end":{"line":12,"column":16}},"loc":{"start":{"line":12,"column":25},"end":{"line":31,"column":7}},"line":12},"3":{"name":"(anonymous_3)","decl":{"start":{"line":27,"column":85},"end":{"line":27,"column":86}},"loc":{"start":{"line":27,"column":89},"end":{"line":27,"column":108}},"line":27}},"branchMap":{"0":{"loc":{"start":{"line":20,"column":14},"end":{"line":20,"column":103}},"type":"cond-expr","locations":[{"start":{"line":20,"column":40},"end":{"line":20,"column":67}},{"start":{"line":20,"column":69},"end":{"line":20,"column":103}}],"line":20}},"s":{"0":1,"1":1,"2":1,"3":0,"4":1,"5":0,"6":0},"f":{"0":1,"1":0,"2":0,"3":0},"b":{"0":[0,0]},"_coverageSchema":"1a1c01bbd47fc00a2c39e90264f33305004495a9","hash":"bdccf0816a59fe2a33c4e4f8fee3182d8ba640a1"}
,"D:\\divesh\\React by akshay saini\\Part-1 Inception\\Namaste React\\src\\components\\RestaurantCard.js": {"path":"D:\\divesh\\React by akshay saini\\Part-1 Inception\\Namaste React\\src\\components\\RestaurantCard.js","statementMap":{"0":{"start":{"line":6,"column":23},"end":{"line":27,"column":1}},"1":{"start":{"line":7,"column":22},"end":{"line":7,"column":27}},"2":{"start":{"line":8,"column":4},"end":{"line":8,"column":24}},"3":{"start":{"line":9,"column":53},"end":{"line":9,"column":66}},"4":{"start":{"line":10,"column":4},"end":{"line":10,"column":23}},"5":{"start":{"line":11,"column":27},"end":{"line":11,"column":50}},"6":{"start":{"line":12,"column":4},"end":{"line":26,"column":5}},"7":{"start":{"line":32,"column":33},"end":{"line":41,"column":1}},"8":{"start":{"line":33,"column":3},"end":{"line":40,"column":4}},"9":{"start":{"line":34,"column":5},"end":{"line":39,"column":6}}},"fnMap":{"0":{"name":"(anonymous_0)","decl":{"start":{"line":6,"column":23},"end":{"line":6,"column":24}},"loc":{"start":{"line":6,"column":32},"end":{"line":27,"column":1}},"line":6},"1":{"name":"(anonymous_1)","decl":{"start":{"line":32,"column":33},"end":{"line":32,"column":34}},"loc":{"start":{"line":32,"column":51},"end":{"line":41,"column":1}},"line":32},"2":{"name":"(anonymous_2)","decl":{"start":{"line":33,"column":10},"end":{"line":33,"column":11}},"loc":{"start":{"line":33,"column":19},"end":{"line":40,"column":4}},"line":33}},"branchMap":{},"s":{"0":3,"1":2,"2":2,"3":2,"4":2,"5":2,"6":2,"7":3,"8":3,"9":1},"f":{"0":2,"1":3,"2":1},"b":{},"_coverageSchema":"1a1c01bbd47fc00a2c39e90264f33305004495a9","hash":"accf49aa67eed28874932d0ac802edc1173363ea"}
,"D:\\divesh\\React by akshay saini\\Part-1 Inception\\Namaste React\\src\\components\\RestaurantCategory.js": {"path":"D:\\divesh\\React by akshay saini\\Part-1 Inception\\Namaste React\\src\\components\\RestaurantCategory.js","statementMap":{"0":{"start":{"line":4,"column":27},"end":{"line":26,"column":1}},"1":{"start":{"line":7,"column":24},"end":{"line":11,"column":5}},"2":{"start":{"line":9,"column":0},"end":{"line":9,"column":15}},"3":{"start":{"line":10,"column":0},"end":{"line":10,"column":14}},"4":{"start":{"line":12,"column":4},"end":{"line":25,"column":6}}},"fnMap":{"0":{"name":"(anonymous_0)","decl":{"start":{"line":4,"column":27},"end":{"line":4,"column":28}},"loc":{"start":{"line":4,"column":72},"end":{"line":26,"column":1}},"line":4},"1":{"name":"(anonymous_1)","decl":{"start":{"line":7,"column":24},"end":{"line":7,"column":25}},"loc":{"start":{"line":7,"column":28},"end":{"line":11,"column":5}},"line":7}},"branchMap":{"0":{"loc":{"start":{"line":20,"column":2},"end":{"line":20,"column":54}},"type":"binary-expr","locations":[{"start":{"line":20,"column":2},"end":{"line":20,"column":11}},{"start":{"line":20,"column":18},"end":{"line":20,"column":54}}],"line":20}},"s":{"0":1,"1":25,"2":0,"3":0,"4":25},"f":{"0":25,"1":0},"b":{"0":[25,0]},"_coverageSchema":"1a1c01bbd47fc00a2c39e90264f33305004495a9","hash":"7bd704fd2d1b30b9c0bfe6e3d74e61f6d08259ef"}
,"D:\\divesh\\React by akshay saini\\Part-1 Inception\\Namaste React\\src\\components\\RestaurantMenu.js": {"path":"D:\\divesh\\React by akshay saini\\Part-1 Inception\\Namaste React\\src\\components\\RestaurantMenu.js","statementMap":{"0":{"start":{"line":9,"column":23},"end":{"line":49,"column":1}},"1":{"start":{"line":11,"column":16},"end":{"line":11,"column":27}},"2":{"start":{"line":12,"column":16},"end":{"line":12,"column":40}},"3":{"start":{"line":13,"column":31},"end":{"line":13,"column":42}},"4":{"start":{"line":14,"column":31},"end":{"line":14,"column":46}},"5":{"start":{"line":24,"column":3},"end":{"line":24,"column":41}},"6":{"start":{"line":24,"column":22},"end":{"line":24,"column":41}},"7":{"start":{"line":26,"column":74},"end":{"line":26,"column":109}},"8":{"start":{"line":27,"column":22},"end":{"line":27,"column":97}},"9":{"start":{"line":28,"column":4},"end":{"line":28,"column":78}},"10":{"start":{"line":29,"column":22},"end":{"line":31,"column":4}},"11":{"start":{"line":29,"column":93},"end":{"line":30,"column":68}},"12":{"start":{"line":34,"column":4},"end":{"line":48,"column":5}},"13":{"start":{"line":41,"column":39},"end":{"line":45,"column":2}},"14":{"start":{"line":43,"column":20},"end":{"line":43,"column":39}},"15":{"start":{"line":44,"column":19},"end":{"line":44,"column":41}}},"fnMap":{"0":{"name":"(anonymous_0)","decl":{"start":{"line":9,"column":23},"end":{"line":9,"column":24}},"loc":{"start":{"line":9,"column":27},"end":{"line":49,"column":1}},"line":9},"1":{"name":"(anonymous_1)","decl":{"start":{"line":29,"column":90},"end":{"line":29,"column":91}},"loc":{"start":{"line":29,"column":93},"end":{"line":30,"column":68}},"line":29},"2":{"name":"(anonymous_2)","decl":{"start":{"line":41,"column":16},"end":{"line":41,"column":17}},"loc":{"start":{"line":41,"column":39},"end":{"line":45,"column":2}},"line":41},"3":{"name":"(anonymous_3)","decl":{"start":{"line":43,"column":16},"end":{"line":43,"column":17}},"loc":{"start":{"line":43,"column":20},"end":{"line":43,"column":39}},"line":43},"4":{"name":"(anonymous_4)","decl":{"start":{"line":44,"column":15},"end":{"line":44,"column":16}},"loc":{"start":{"line":44,"column":19},"end":{"line":44,"column":41}},"line":44}},"branchMap":{"0":{"loc":{"start":{"line":24,"column":3},"end":{"line":24,"column":41}},"type":"if","locations":[{"start":{"line":24,"column":3},"end":{"line":24,"column":41}},{"start":{},"end":{}}],"line":24},"1":{"loc":{"start":{"line":42,"column":11},"end":{"line":42,"column":39}},"type":"binary-expr","locations":[{"start":{"line":42,"column":11},"end":{"line":42,"column":27}},{"start":{"line":42,"column":31},"end":{"line":42,"column":39}}],"line":42}},"s":{"0":1,"1":3,"2":2,"3":2,"4":2,"5":2,"6":1,"7":1,"8":1,"9":1,"10":1,"11":29,"12":1,"13":25,"14":0,"15":0},"f":{"0":3,"1":29,"2":25,"3":0,"4":0},"b":{"0":[1,1],"1":[25,1]},"_coverageSchema":"1a1c01bbd47fc00a2c39e90264f33305004495a9","hash":"a33ae48f3cfbbd1faf6f8c1d2d7af2112b29138e"}
,"D:\\divesh\\React by akshay saini\\Part-1 Inception\\Namaste React\\src\\components\\Shimmer.js": {"path":"D:\\divesh\\React by akshay saini\\Part-1 Inception\\Namaste React\\src\\components\\Shimmer.js","statementMap":{"0":{"start":{"line":1,"column":16},"end":{"line":12,"column":1}},"1":{"start":{"line":2,"column":4},"end":{"line":11,"column":5}}},"fnMap":{"0":{"name":"(anonymous_0)","decl":{"start":{"line":1,"column":16},"end":{"line":1,"column":17}},"loc":{"start":{"line":1,"column":20},"end":{"line":12,"column":1}},"line":1}},"branchMap":{},"s":{"0":2,"1":3},"f":{"0":3},"b":{},"_coverageSchema":"1a1c01bbd47fc00a2c39e90264f33305004495a9","hash":"aaa57ff83b5ca5be28f21995db945914135a867c"}
,"D:\\divesh\\React by akshay saini\\Part-1 Inception\\Namaste React\\src\\components\\sum.js": {"path":"D:\\divesh\\React by akshay saini\\Part-1 Inception\\Namaste React\\src\\components\\sum.js","statementMap":{"0":{"start":{"line":1,"column":19},"end":{"line":3,"column":1}},"1":{"start":{"line":2,"column":4},"end":{"line":2,"column":15}}},"fnMap":{"0":{"name":"(anonymous_0)","decl":{"start":{"line":1,"column":19},"end":{"line":1,"column":20}},"loc":{"start":{"line":1,"column":26},"end":{"line":3,"column":1}},"line":1}},"branchMap":{},"s":{"0":1,"1":1},"f":{"0":1},"b":{},"_coverageSchema":"1a1c01bbd47fc00a2c39e90264f33305004495a9","hash":"6c62e73754b0a0fc2a3fee2d203bf9b2cdd0c23d"}
,"D:\\divesh\\React by akshay saini\\Part-1 Inception\\Namaste React\\src\\utils\\UserContext.js": {"path":"D:\\divesh\\React by akshay saini\\Part-1 Inception\\Namaste React\\src\\utils\\UserContext.js","statementMap":{"0":{"start":{"line":2,"column":20},"end":{"line":4,"column":2}}},"fnMap":{},"branchMap":{},"s":{"0":4},"f":{},"b":{},"_coverageSchema":"1a1c01bbd47fc00a2c39e90264f33305004495a9","hash":"6fa076cdc5395c437281cca2ae08b6342edbe0bc"}
,"D:\\divesh\\React by akshay saini\\Part-1 Inception\\Namaste React\\src\\utils\\appStore.js": {"path":"D:\\divesh\\React by akshay saini\\Part-1 Inception\\Namaste React\\src\\utils\\appStore.js","statementMap":{"0":{"start":{"line":3,"column":17},"end":{"line":7,"column":2}}},"fnMap":{},"branchMap":{},"s":{"0":2},"f":{},"b":{},"_coverageSchema":"1a1c01bbd47fc00a2c39e90264f33305004495a9","hash":"f2b0d6e5bf8b6541b2524d6c8fb80c553c16ae97"}
,"D:\\divesh\\React by akshay saini\\Part-1 Inception\\Namaste React\\src\\utils\\cartSlice.js": {"path":"D:\\divesh\\React by akshay saini\\Part-1 Inception\\Namaste React\\src\\utils\\cartSlice.js","statementMap":{"0":{"start":{"line":3,"column":18},"end":{"line":20,"column":2}},"1":{"start":{"line":11,"column":0},"end":{"line":11,"column":33}},"2":{"start":{"line":14,"column":0},"end":{"line":14,"column":18}},"3":{"start":{"line":17,"column":8},"end":{"line":17,"column":29}},"4":{"start":{"line":21,"column":46},"end":{"line":21,"column":63}}},"fnMap":{"0":{"name":"(anonymous_0)","decl":{"start":{"line":9,"column":15},"end":{"line":9,"column":16}},"loc":{"start":{"line":9,"column":31},"end":{"line":12,"column":8}},"line":9},"1":{"name":"(anonymous_1)","decl":{"start":{"line":13,"column":18},"end":{"line":13,"column":19}},"loc":{"start":{"line":13,"column":27},"end":{"line":15,"column":8}},"line":13},"2":{"name":"(anonymous_2)","decl":{"start":{"line":16,"column":17},"end":{"line":16,"column":18}},"loc":{"start":{"line":16,"column":26},"end":{"line":18,"column":8}},"line":16}},"branchMap":{},"s":{"0":2,"1":0,"2":0,"3":0,"4":2},"f":{"0":0,"1":0,"2":0},"b":{},"_coverageSchema":"1a1c01bbd47fc00a2c39e90264f33305004495a9","hash":"c2475aa176b58d9f114cec7c92f566a112f8160c"}
,"D:\\divesh\\React by akshay saini\\Part-1 Inception\\Namaste React\\src\\utils\\constants.js": {"path":"D:\\divesh\\React by akshay saini\\Part-1 Inception\\Namaste React\\src\\utils\\constants.js","statementMap":{"0":{"start":{"line":1,"column":22},"end":{"line":1,"column":162}},"1":{"start":{"line":3,"column":22},"end":{"line":3,"column":152}},"2":{"start":{"line":6,"column":0},"end":{"line":6,"column":91}}},"fnMap":{},"branchMap":{},"s":{"0":2,"1":2,"2":2},"f":{},"b":{},"_coverageSchema":"1a1c01bbd47fc00a2c39e90264f33305004495a9","hash":"7027f13a785763d2d49dceb184549aea16e3bc94"}
,"D:\\divesh\\React by akshay saini\\Part-1 Inception\\Namaste React\\src\\utils\\mockData.js": {"path":"D:\\divesh\\React by akshay saini\\Part-1 Inception\\Namaste React\\src\\utils\\mockData.js","statementMap":{"0":{"start":{"line":1,"column":23},"end":{"line":34,"column":1}}},"fnMap":{},"branchMap":{},"s":{"0":2},"f":{},"b":{},"_coverageSchema":"1a1c01bbd47fc00a2c39e90264f33305004495a9","hash":"4a81f725ecfad4d1d80d6f2260f92f364e77b0ad"}
,"D:\\divesh\\React by akshay saini\\Part-1 Inception\\Namaste React\\src\\utils\\useOnlineStatus.js": {"path":"D:\\divesh\\React by akshay saini\\Part-1 Inception\\Namaste React\\src\\utils\\useOnlineStatus.js","statementMap":{"0":{"start":{"line":2,"column":24},"end":{"line":17,"column":1}},"1":{"start":{"line":3,"column":41},"end":{"line":3,"column":55}},"2":{"start":{"line":6,"column":0},"end":{"line":13,"column":5}},"3":{"start":{"line":7,"column":0},"end":{"line":9,"column":3}},"4":{"start":{"line":8,"column":0},"end":{"line":8,"column":22}},"5":{"start":{"line":10,"column":0},"end":{"line":12,"column":2}},"6":{"start":{"line":11,"column":4},"end":{"line":11,"column":27}},"7":{"start":{"line":16,"column":0},"end":{"line":16,"column":20}}},"fnMap":{"0":{"name":"(anonymous_0)","decl":{"start":{"line":2,"column":24},"end":{"line":2,"column":25}},"loc":{"start":{"line":2,"column":28},"end":{"line":17,"column":1}},"line":2},"1":{"name":"(anonymous_1)","decl":{"start":{"line":6,"column":10},"end":{"line":6,"column":11}},"loc":{"start":{"line":6,"column":14},"end":{"line":13,"column":1}},"line":6},"2":{"name":"(anonymous_2)","decl":{"start":{"line":7,"column":33},"end":{"line":7,"column":34}},"loc":{"start":{"line":7,"column":37},"end":{"line":9,"column":1}},"line":7},"3":{"name":"(anonymous_3)","decl":{"start":{"line":10,"column":34},"end":{"line":10,"column":35}},"loc":{"start":{"line":10,"column":38},"end":{"line":12,"column":1}},"line":10}},"branchMap":{},"s":{"0":3,"1":8,"2":8,"3":7,"4":0,"5":7,"6":0,"7":8},"f":{"0":8,"1":7,"2":0,"3":0},"b":{},"_coverageSchema":"1a1c01bbd47fc00a2c39e90264f33305004495a9","hash":"015c3c66bd5263c80036cde4c6171efa8261c6e8"}
,"D:\\divesh\\React by akshay saini\\Part-1 Inception\\Namaste React\\src\\utils\\useRestaurantMenu.js": {"path":"D:\\divesh\\React by akshay saini\\Part-1 Inception\\Namaste React\\src\\utils\\useRestaurantMenu.js","statementMap":{"0":{"start":{"line":3,"column":26},"end":{"line":21,"column":1}},"1":{"start":{"line":4,"column":32},"end":{"line":4,"column":46}},"2":{"start":{"line":8,"column":3},"end":{"line":10,"column":9}},"3":{"start":{"line":9,"column":0},"end":{"line":9,"column":12}},"4":{"start":{"line":12,"column":21},"end":{"line":17,"column":4}},"5":{"start":{"line":13,"column":17},"end":{"line":13,"column":44}},"6":{"start":{"line":14,"column":17},"end":{"line":14,"column":34}},"7":{"start":{"line":15,"column":4},"end":{"line":15,"column":26}},"8":{"start":{"line":20,"column":4},"end":{"line":20,"column":19}}},"fnMap":{"0":{"name":"(anonymous_0)","decl":{"start":{"line":3,"column":26},"end":{"line":3,"column":27}},"loc":{"start":{"line":3,"column":35},"end":{"line":21,"column":1}},"line":3},"1":{"name":"(anonymous_1)","decl":{"start":{"line":8,"column":13},"end":{"line":8,"column":14}},"loc":{"start":{"line":8,"column":17},"end":{"line":10,"column":4}},"line":8},"2":{"name":"(anonymous_2)","decl":{"start":{"line":12,"column":21},"end":{"line":12,"column":22}},"loc":{"start":{"line":12,"column":31},"end":{"line":17,"column":4}},"line":12}},"branchMap":{},"s":{"0":1,"1":2,"2":2,"3":1,"4":2,"5":1,"6":1,"7":1,"8":2},"f":{"0":2,"1":1,"2":1},"b":{},"_coverageSchema":"1a1c01bbd47fc00a2c39e90264f33305004495a9","hash":"15fdf2b09516bfcaf0ad663d2c0f61e674b0038f"}
}
